C:\Users\rclark\source\repos\RaidLooterServer\RaidLooterServer\Angular\dist\out-tsc\e2e\src\app.po.js
C:\Users\rclark\source\repos\RaidLooterServer\RaidLooterServer\Angular\dist\out-tsc\e2e\src\app.po.js.map
C:\Users\rclark\source\repos\RaidLooterServer\RaidLooterServer\Angular\dist\out-tsc\e2e\src\app.e2e-spec.js
C:\Users\rclark\source\repos\RaidLooterServer\RaidLooterServer\Angular\dist\out-tsc\e2e\src\app.e2e-spec.js.map
C:\Users\rclark\source\repos\RaidLooterServer\RaidLooterServer\Angular\dist\out-tsc\src\app\static-listing\static-listing.component.js
C:\Users\rclark\source\repos\RaidLooterServer\RaidLooterServer\Angular\dist\out-tsc\src\app\static-listing\static-listing.component.js.map
C:\Users\rclark\source\repos\RaidLooterServer\RaidLooterServer\Angular\dist\out-tsc\src\app\app-routing.module.js
C:\Users\rclark\source\repos\RaidLooterServer\RaidLooterServer\Angular\dist\out-tsc\src\app\app-routing.module.js.map
C:\Users\rclark\source\repos\RaidLooterServer\RaidLooterServer\Angular\dist\out-tsc\src\app\app.component.js
C:\Users\rclark\source\repos\RaidLooterServer\RaidLooterServer\Angular\dist\out-tsc\src\app\app.component.js.map
C:\Users\rclark\source\repos\RaidLooterServer\RaidLooterServer\Angular\dist\out-tsc\src\app\navbar\navbar.component.js
C:\Users\rclark\source\repos\RaidLooterServer\RaidLooterServer\Angular\dist\out-tsc\src\app\navbar\navbar.component.js.map
C:\Users\rclark\source\repos\RaidLooterServer\RaidLooterServer\Angular\dist\out-tsc\src\app\app.module.js
C:\Users\rclark\source\repos\RaidLooterServer\RaidLooterServer\Angular\dist\out-tsc\src\app\app.module.js.map
C:\Users\rclark\source\repos\RaidLooterServer\RaidLooterServer\Angular\dist\out-tsc\src\environments\environment.js
C:\Users\rclark\source\repos\RaidLooterServer\RaidLooterServer\Angular\dist\out-tsc\src\environments\environment.js.map
C:\Users\rclark\source\repos\RaidLooterServer\RaidLooterServer\Angular\dist\out-tsc\src\main.js
C:\Users\rclark\source\repos\RaidLooterServer\RaidLooterServer\Angular\dist\out-tsc\src\main.js.map
C:\Users\rclark\source\repos\RaidLooterServer\RaidLooterServer\Angular\dist\out-tsc\src\polyfills.js
C:\Users\rclark\source\repos\RaidLooterServer\RaidLooterServer\Angular\dist\out-tsc\src\polyfills.js.map
C:\Users\rclark\source\repos\RaidLooterServer\RaidLooterServer\Angular\dist\out-tsc\src\test.js
C:\Users\rclark\source\repos\RaidLooterServer\RaidLooterServer\Angular\dist\out-tsc\src\test.js.map
C:\Users\rclark\source\repos\RaidLooterServer\RaidLooterServer\Angular\dist\out-tsc\src\app\app.component.spec.js
C:\Users\rclark\source\repos\RaidLooterServer\RaidLooterServer\Angular\dist\out-tsc\src\app\app.component.spec.js.map
C:\Users\rclark\source\repos\RaidLooterServer\RaidLooterServer\Angular\dist\out-tsc\src\app\navbar\navbar.component.spec.js
C:\Users\rclark\source\repos\RaidLooterServer\RaidLooterServer\Angular\dist\out-tsc\src\app\navbar\navbar.component.spec.js.map
C:\Users\rclark\source\repos\RaidLooterServer\RaidLooterServer\Angular\dist\out-tsc\src\app\static\static.module.js
C:\Users\rclark\source\repos\RaidLooterServer\RaidLooterServer\Angular\dist\out-tsc\src\app\static\static.module.js.map
C:\Users\rclark\source\repos\RaidLooterServer\RaidLooterServer\Angular\dist\out-tsc\src\app\static-listing\static-listing.component.spec.js
C:\Users\rclark\source\repos\RaidLooterServer\RaidLooterServer\Angular\dist\out-tsc\src\app\static-listing\static-listing.component.spec.js.map
C:\Users\rclark\source\repos\RaidLooterServer\RaidLooterServer\Angular\dist\out-tsc\src\environments\environment.prod.js
C:\Users\rclark\source\repos\RaidLooterServer\RaidLooterServer\Angular\dist\out-tsc\src\environments\environment.prod.js.map
